<?xml version="1.0" encoding="UTF-8"?>
<!-- Generated by org.testng.reporters.JUnitReportReporter -->
<testsuite hostname="HASSEN-HP" failures="0" tests="4" name="listeners.Runner" time="0.019" errors="0" timestamp="2022-09-05T14:52:38 EDT" skipped="1">
  <testcase classname="listeners.Runner" name="test3" time="0.003"/>
  <system-out/>
  <testcase classname="listeners.Runner" name="test2" time="0.011"/>
  <system-out/>
  <testcase classname="listeners.Runner" name="test2" time="0.005"/>
  <system-out/>
  <testcase classname="listeners.Runner" name="test1">
    <skipped/>
  </testcase> <!-- test1 -->
  <system-out/>
</testsuite> <!-- listeners.Runner -->
